<?xml version="1.0" encoding="UTF-8"?>
<!-- Generated by org.testng.reporters.JUnitXMLReporter -->
<testsuite ignored="0" hostname="DESKTOP-1U1212V" failures="1" tests="10" name="Test" time="0.026" errors="0" timestamp="18 Dec. 2021 22:53:11 GMT">
  <testcase classname="selenium.Testing1" name="f" time="0.0"/>
  <testcase classname="selenium.Testing1" name="f" time="0.0"/>
  <testcase classname="selenium.Testing1" name="test1" time="0.0"/>
  <testcase classname="selenium.Testing1" name="test2" time="0.0"/>
  <testcase classname="selenium.Testing1" name="test3" time="0.0"/>
  <testcase classname="selenium.testing2" name="test4" time="0.0"/>
  <testcase classname="selenium.testing2" name="test5" time="0.0"/>
  <testcase classname="selenium.testing3" name="createUser" time="0.001"/>
  <testcase classname="selenium.testing3" name="editUser" time="0.0">
    <failure type="java.lang.AssertionError" message="The following asserts failed:
	Verify Element expected [true] but found [false]">
      <![CDATA[java.lang.AssertionError: The following asserts failed:
Verify Element expected [true] but found [false]
at selenium.testing3.editUser(testing3.java:23)
... Removed 25 stack frames]]>
    </failure>
  </testcase> <!-- editUser -->
  <testcase classname="selenium.testing3" name="deletUser" time="0.0">
    <skipped/>
  </testcase> <!-- deletUser -->
</testsuite> <!-- Test -->
